{"C:\\Users\\user\\Desktop\\microverse\\todo\\src\\modules\\addandremove.js": {"path":"C:\\Users\\user\\Desktop\\microverse\\todo\\src\\modules\\addandremove.js","statementMap":{"0":{"start":{"line":3,"column":8},"end":{"line":3,"column":21}},"1":{"start":{"line":4,"column":8},"end":{"line":4,"column":24}},"2":{"start":{"line":5,"column":8},"end":{"line":5,"column":58}},"3":{"start":{"line":6,"column":8},"end":{"line":6,"column":61}},"4":{"start":{"line":7,"column":8},"end":{"line":7,"column":62}},"5":{"start":{"line":12,"column":21},"end":{"line":15,"column":9}},"6":{"start":{"line":16,"column":8},"end":{"line":16,"column":30}},"7":{"start":{"line":17,"column":8},"end":{"line":17,"column":35}},"8":{"start":{"line":18,"column":8},"end":{"line":18,"column":36}},"9":{"start":{"line":22,"column":8},"end":{"line":22,"column":36}},"10":{"start":{"line":23,"column":8},"end":{"line":23,"column":35}},"11":{"start":{"line":24,"column":8},"end":{"line":24,"column":36}},"12":{"start":{"line":28,"column":8},"end":{"line":28,"column":75}},"13":{"start":{"line":28,"column":49},"end":{"line":28,"column":73}},"14":{"start":{"line":29,"column":8},"end":{"line":29,"column":35}},"15":{"start":{"line":30,"column":8},"end":{"line":30,"column":36}},"16":{"start":{"line":34,"column":8},"end":{"line":34,"column":52}},"17":{"start":{"line":35,"column":8},"end":{"line":35,"column":36}},"18":{"start":{"line":39,"column":8},"end":{"line":39,"column":67}},"19":{"start":{"line":40,"column":8},"end":{"line":40,"column":35}},"20":{"start":{"line":41,"column":8},"end":{"line":41,"column":36}},"21":{"start":{"line":45,"column":8},"end":{"line":45,"column":29}},"22":{"start":{"line":46,"column":8},"end":{"line":46,"column":35}},"23":{"start":{"line":47,"column":8},"end":{"line":47,"column":31}},"24":{"start":{"line":48,"column":8},"end":{"line":48,"column":31}},"25":{"start":{"line":53,"column":8},"end":{"line":60,"column":11}},"26":{"start":{"line":54,"column":12},"end":{"line":56,"column":13}},"27":{"start":{"line":55,"column":16},"end":{"line":55,"column":83}},"28":{"start":{"line":57,"column":12},"end":{"line":59,"column":13}},"29":{"start":{"line":58,"column":16},"end":{"line":58,"column":92}},"30":{"start":{"line":65,"column":8},"end":{"line":76,"column":11}},"31":{"start":{"line":66,"column":12},"end":{"line":75,"column":13}},"32":{"start":{"line":67,"column":16},"end":{"line":67,"column":48}},"33":{"start":{"line":68,"column":16},"end":{"line":74,"column":19}},"34":{"start":{"line":69,"column":20},"end":{"line":73,"column":21}},"35":{"start":{"line":70,"column":24},"end":{"line":70,"column":43}},"36":{"start":{"line":71,"column":24},"end":{"line":71,"column":57}},"37":{"start":{"line":72,"column":24},"end":{"line":72,"column":81}},"38":{"start":{"line":81,"column":8},"end":{"line":83,"column":11}},"39":{"start":{"line":82,"column":12},"end":{"line":82,"column":28}},"40":{"start":{"line":88,"column":8},"end":{"line":94,"column":11}},"41":{"start":{"line":89,"column":12},"end":{"line":93,"column":13}},"42":{"start":{"line":90,"column":16},"end":{"line":90,"column":35}},"43":{"start":{"line":91,"column":16},"end":{"line":91,"column":41}},"44":{"start":{"line":92,"column":16},"end":{"line":92,"column":36}},"45":{"start":{"line":99,"column":8},"end":{"line":99,"column":66}},"46":{"start":{"line":104,"column":8},"end":{"line":104,"column":38}},"47":{"start":{"line":105,"column":8},"end":{"line":116,"column":11}},"48":{"start":{"line":106,"column":23},"end":{"line":106,"column":51}},"49":{"start":{"line":107,"column":12},"end":{"line":107,"column":26}},"50":{"start":{"line":108,"column":12},"end":{"line":114,"column":14}},"51":{"start":{"line":115,"column":12},"end":{"line":115,"column":43}},"52":{"start":{"line":121,"column":8},"end":{"line":123,"column":9}},"53":{"start":{"line":122,"column":12},"end":{"line":122,"column":70}},"54":{"start":{"line":128,"column":8},"end":{"line":130,"column":9}},"55":{"start":{"line":129,"column":12},"end":{"line":129,"column":91}}},"fnMap":{"0":{"name":"(anonymous_0)","decl":{"start":{"line":2,"column":4},"end":{"line":2,"column":5}},"loc":{"start":{"line":2,"column":20},"end":{"line":9,"column":5}},"line":2},"1":{"name":"(anonymous_1)","decl":{"start":{"line":11,"column":4},"end":{"line":11,"column":5}},"loc":{"start":{"line":11,"column":21},"end":{"line":19,"column":5}},"line":11},"2":{"name":"(anonymous_2)","decl":{"start":{"line":21,"column":4},"end":{"line":21,"column":5}},"loc":{"start":{"line":21,"column":18},"end":{"line":25,"column":5}},"line":21},"3":{"name":"(anonymous_3)","decl":{"start":{"line":27,"column":4},"end":{"line":27,"column":5}},"loc":{"start":{"line":27,"column":15},"end":{"line":31,"column":5}},"line":27},"4":{"name":"(anonymous_4)","decl":{"start":{"line":28,"column":39},"end":{"line":28,"column":40}},"loc":{"start":{"line":28,"column":49},"end":{"line":28,"column":73}},"line":28},"5":{"name":"(anonymous_5)","decl":{"start":{"line":33,"column":4},"end":{"line":33,"column":5}},"loc":{"start":{"line":33,"column":29},"end":{"line":36,"column":5}},"line":33},"6":{"name":"(anonymous_6)","decl":{"start":{"line":38,"column":4},"end":{"line":38,"column":5}},"loc":{"start":{"line":38,"column":27},"end":{"line":42,"column":5}},"line":38},"7":{"name":"(anonymous_7)","decl":{"start":{"line":44,"column":4},"end":{"line":44,"column":5}},"loc":{"start":{"line":44,"column":11},"end":{"line":49,"column":5}},"line":44},"8":{"name":"(anonymous_8)","decl":{"start":{"line":52,"column":4},"end":{"line":52,"column":5}},"loc":{"start":{"line":52,"column":22},"end":{"line":61,"column":5}},"line":52},"9":{"name":"(anonymous_9)","decl":{"start":{"line":53,"column":49},"end":{"line":53,"column":50}},"loc":{"start":{"line":53,"column":56},"end":{"line":60,"column":9}},"line":53},"10":{"name":"(anonymous_10)","decl":{"start":{"line":64,"column":4},"end":{"line":64,"column":5}},"loc":{"start":{"line":64,"column":15},"end":{"line":77,"column":5}},"line":64},"11":{"name":"(anonymous_11)","decl":{"start":{"line":65,"column":49},"end":{"line":65,"column":50}},"loc":{"start":{"line":65,"column":56},"end":{"line":76,"column":9}},"line":65},"12":{"name":"(anonymous_12)","decl":{"start":{"line":68,"column":54},"end":{"line":68,"column":55}},"loc":{"start":{"line":68,"column":61},"end":{"line":74,"column":17}},"line":68},"13":{"name":"(anonymous_13)","decl":{"start":{"line":80,"column":4},"end":{"line":80,"column":5}},"loc":{"start":{"line":80,"column":15},"end":{"line":84,"column":5}},"line":80},"14":{"name":"(anonymous_14)","decl":{"start":{"line":81,"column":48},"end":{"line":81,"column":49}},"loc":{"start":{"line":81,"column":54},"end":{"line":83,"column":9}},"line":81},"15":{"name":"(anonymous_15)","decl":{"start":{"line":87,"column":4},"end":{"line":87,"column":5}},"loc":{"start":{"line":87,"column":13},"end":{"line":95,"column":5}},"line":87},"16":{"name":"(anonymous_16)","decl":{"start":{"line":88,"column":52},"end":{"line":88,"column":53}},"loc":{"start":{"line":88,"column":59},"end":{"line":94,"column":9}},"line":88},"17":{"name":"(anonymous_17)","decl":{"start":{"line":98,"column":4},"end":{"line":98,"column":5}},"loc":{"start":{"line":98,"column":14},"end":{"line":100,"column":5}},"line":98},"18":{"name":"(anonymous_18)","decl":{"start":{"line":103,"column":4},"end":{"line":103,"column":5}},"loc":{"start":{"line":103,"column":13},"end":{"line":117,"column":5}},"line":103},"19":{"name":"(anonymous_19)","decl":{"start":{"line":105,"column":27},"end":{"line":105,"column":28}},"loc":{"start":{"line":105,"column":44},"end":{"line":116,"column":9}},"line":105},"20":{"name":"(anonymous_20)","decl":{"start":{"line":120,"column":4},"end":{"line":120,"column":5}},"loc":{"start":{"line":120,"column":26},"end":{"line":124,"column":5}},"line":120},"21":{"name":"(anonymous_21)","decl":{"start":{"line":127,"column":4},"end":{"line":127,"column":5}},"loc":{"start":{"line":127,"column":28},"end":{"line":131,"column":5}},"line":127}},"branchMap":{"0":{"loc":{"start":{"line":54,"column":12},"end":{"line":56,"column":13}},"type":"if","locations":[{"start":{"line":54,"column":12},"end":{"line":56,"column":13}},{"start":{},"end":{}}],"line":54},"1":{"loc":{"start":{"line":57,"column":12},"end":{"line":59,"column":13}},"type":"if","locations":[{"start":{"line":57,"column":12},"end":{"line":59,"column":13}},{"start":{},"end":{}}],"line":57},"2":{"loc":{"start":{"line":66,"column":12},"end":{"line":75,"column":13}},"type":"if","locations":[{"start":{"line":66,"column":12},"end":{"line":75,"column":13}},{"start":{},"end":{}}],"line":66},"3":{"loc":{"start":{"line":69,"column":20},"end":{"line":73,"column":21}},"type":"if","locations":[{"start":{"line":69,"column":20},"end":{"line":73,"column":21}},{"start":{},"end":{}}],"line":69},"4":{"loc":{"start":{"line":89,"column":12},"end":{"line":93,"column":13}},"type":"if","locations":[{"start":{"line":89,"column":12},"end":{"line":93,"column":13}},{"start":{},"end":{}}],"line":89},"5":{"loc":{"start":{"line":110,"column":54},"end":{"line":110,"column":85}},"type":"cond-expr","locations":[{"start":{"line":110,"column":71},"end":{"line":110,"column":80}},{"start":{"line":110,"column":83},"end":{"line":110,"column":85}}],"line":110},"6":{"loc":{"start":{"line":111,"column":29},"end":{"line":111,"column":62}},"type":"cond-expr","locations":[{"start":{"line":111,"column":46},"end":{"line":111,"column":57}},{"start":{"line":111,"column":60},"end":{"line":111,"column":62}}],"line":111},"7":{"loc":{"start":{"line":121,"column":8},"end":{"line":123,"column":9}},"type":"if","locations":[{"start":{"line":121,"column":8},"end":{"line":123,"column":9}},{"start":{},"end":{}}],"line":121},"8":{"loc":{"start":{"line":128,"column":8},"end":{"line":130,"column":9}},"type":"if","locations":[{"start":{"line":128,"column":8},"end":{"line":130,"column":9}},{"start":{},"end":{}}],"line":128}},"s":{"0":1,"1":1,"2":1,"3":1,"4":1,"5":1,"6":1,"7":1,"8":1,"9":1,"10":1,"11":1,"12":0,"13":0,"14":0,"15":0,"16":0,"17":0,"18":0,"19":0,"20":0,"21":0,"22":0,"23":0,"24":0,"25":0,"26":0,"27":0,"28":0,"29":0,"30":0,"31":0,"32":0,"33":0,"34":0,"35":0,"36":0,"37":0,"38":0,"39":0,"40":0,"41":0,"42":0,"43":0,"44":0,"45":0,"46":0,"47":0,"48":0,"49":0,"50":0,"51":0,"52":0,"53":0,"54":0,"55":0},"f":{"0":1,"1":1,"2":1,"3":0,"4":0,"5":0,"6":0,"7":0,"8":0,"9":0,"10":0,"11":0,"12":0,"13":0,"14":0,"15":0,"16":0,"17":0,"18":0,"19":0,"20":0,"21":0},"b":{"0":[0,0],"1":[0,0],"2":[0,0],"3":[0,0],"4":[0,0],"5":[0,0],"6":[0,0],"7":[0,0],"8":[0,0]},"_coverageSchema":"1a1c01bbd47fc00a2c39e90264f33305004495a9","hash":"d1768ca61aa76a994507167bf8b59afaae9621d9"}
}
